0 info it worked if it ends with ok
1 verbose cli [ '/usr/local/bin/node',
1 verbose cli   '/usr/local/bin/npm',
1 verbose cli   'install',
1 verbose cli   'manda-linda/tempura' ]
2 info using npm@3.8.8
3 info using node@v4.2.4
4 silly loadCurrentTree Starting
5 silly install loadCurrentTree
6 silly install readLocalPackageData
7 silly fetchPackageMetaData manda-linda/tempura
8 silly fetchOtherPackageData manda-linda/tempura
9 silly cache add args [ 'manda-linda/tempura', null ]
10 verbose cache add spec manda-linda/tempura
11 silly cache add parsed spec Result {
11 silly cache add   raw: 'manda-linda/tempura',
11 silly cache add   scope: null,
11 silly cache add   name: null,
11 silly cache add   rawSpec: 'manda-linda/tempura',
11 silly cache add   spec: 'github:manda-linda/tempura',
11 silly cache add   type: 'hosted',
11 silly cache add   hosted:
11 silly cache add    { type: 'github',
11 silly cache add      ssh: 'git@github.com:manda-linda/tempura.git',
11 silly cache add      sshUrl: 'git+ssh://git@github.com/manda-linda/tempura.git',
11 silly cache add      httpsUrl: 'git+https://github.com/manda-linda/tempura.git',
11 silly cache add      gitUrl: 'git://github.com/manda-linda/tempura.git',
11 silly cache add      shortcut: 'github:manda-linda/tempura',
11 silly cache add      directUrl: 'https://raw.githubusercontent.com/manda-linda/tempura/master/package.json' } }
12 verbose addRemoteGit caching manda-linda/tempura
13 verbose addRemoteGit manda-linda/tempura is a repository hosted by github
14 silly tryGitProto attempting to clone git://github.com/manda-linda/tempura.git
15 silly tryClone cloning manda-linda/tempura via git://github.com/manda-linda/tempura.git
16 verbose tryClone git-github-com-manda-linda-tempura-git-b016b263 not in flight; caching
17 verbose correctMkdir /Users/adasilva/.npm/_git-remotes correctMkdir not in flight; initializing
18 info git [ 'clone',
18 info git   '--template=/Users/adasilva/.npm/_git-remotes/_templates',
18 info git   '--mirror',
18 info git   'git://github.com/manda-linda/tempura.git',
18 info git   '/Users/adasilva/.npm/_git-remotes/git-github-com-manda-linda-tempura-git-b016b263' ]
19 verbose mirrorRemote manda-linda/tempura git clone git://github.com/manda-linda/tempura.git
20 verbose correctMkdir /Users/adasilva/.npm/_git-remotes correctMkdir not in flight; initializing
21 verbose setPermissions manda-linda/tempura set permissions on /Users/adasilva/.npm/_git-remotes/git-github-com-manda-linda-tempura-git-b016b263
22 verbose resolveHead manda-linda/tempura original treeish: master
23 info git [ 'rev-list', '-n1', 'master' ]
24 silly resolveHead manda-linda/tempura resolved treeish: bb4b9bc9590e245887d04a71593488fddd6a8e82
25 verbose resolveHead manda-linda/tempura resolved Git URL: git://github.com/manda-linda/tempura.git#bb4b9bc9590e245887d04a71593488fddd6a8e82
26 silly resolveHead Git working directory: /var/folders/qt/xx2j34zd7_bf_ywlhrcf4gkc0000gp/T/npm-80070-909d46b2/git-cache-479e63c4/bb4b9bc9590e245887d04a71593488fddd6a8e82
27 info git [ 'clone',
27 info git   '/Users/adasilva/.npm/_git-remotes/git-github-com-manda-linda-tempura-git-b016b263',
27 info git   '/var/folders/qt/xx2j34zd7_bf_ywlhrcf4gkc0000gp/T/npm-80070-909d46b2/git-cache-479e63c4/bb4b9bc9590e245887d04a71593488fddd6a8e82' ]
28 verbose cloneResolved manda-linda/tempura clone Cloning into '/var/folders/qt/xx2j34zd7_bf_ywlhrcf4gkc0000gp/T/npm-80070-909d46b2/git-cache-479e63c4/bb4b9bc9590e245887d04a71593488fddd6a8e82'...
28 verbose cloneResolved done.
29 info git [ 'checkout', 'bb4b9bc9590e245887d04a71593488fddd6a8e82' ]
30 verbose checkoutTreeish manda-linda/tempura checkout Note: checking out 'bb4b9bc9590e245887d04a71593488fddd6a8e82'.
30 verbose checkoutTreeish
30 verbose checkoutTreeish You are in 'detached HEAD' state. You can look around, make experimental
30 verbose checkoutTreeish changes and commit them, and you can discard any commits you make in this
30 verbose checkoutTreeish state without impacting any branches by performing another checkout.
30 verbose checkoutTreeish
30 verbose checkoutTreeish If you want to create a new branch to retain commits you create, you may
30 verbose checkoutTreeish do so (now or later) by using -b with the checkout command again. Example:
30 verbose checkoutTreeish
30 verbose checkoutTreeish   git checkout -b <new-branch-name>
30 verbose checkoutTreeish
30 verbose checkoutTreeish HEAD is now at bb4b9bc... testing 1000
31 info git [ 'submodule', '-q', 'update', '--init', '--recursive' ]
32 verbose updateSubmodules manda-linda/tempura submodule update
33 verbose addLocalDirectory /Users/adasilva/.npm/tempura/1.0.0/package.tgz not in flight; packing
34 verbose correctMkdir /Users/adasilva/.npm correctMkdir not in flight; initializing
35 verbose tar pack [ '/Users/adasilva/.npm/tempura/1.0.0/package.tgz',
35 verbose tar pack   '/var/folders/qt/xx2j34zd7_bf_ywlhrcf4gkc0000gp/T/npm-80070-909d46b2/git-cache-479e63c4/bb4b9bc9590e245887d04a71593488fddd6a8e82' ]
36 verbose tarball /Users/adasilva/.npm/tempura/1.0.0/package.tgz
37 verbose folder /var/folders/qt/xx2j34zd7_bf_ywlhrcf4gkc0000gp/T/npm-80070-909d46b2/git-cache-479e63c4/bb4b9bc9590e245887d04a71593488fddd6a8e82
38 verbose addLocalTarball adding from inside cache /Users/adasilva/.npm/tempura/1.0.0/package.tgz
39 verbose correctMkdir /Users/adasilva/.npm correctMkdir not in flight; initializing
40 verbose addRemoteGit data._from: manda-linda/tempura
41 verbose addRemoteGit data._resolved: git://github.com/manda-linda/tempura.git#bb4b9bc9590e245887d04a71593488fddd6a8e82
42 silly cache afterAdd tempura@1.0.0
43 verbose afterAdd /Users/adasilva/.npm/tempura/1.0.0/package/package.json not in flight; writing
44 verbose correctMkdir /Users/adasilva/.npm correctMkdir not in flight; initializing
45 verbose afterAdd /Users/adasilva/.npm/tempura/1.0.0/package/package.json written
46 silly install normalizeTree
47 silly loadCurrentTree Finishing
48 silly loadIdealTree Starting
49 silly install loadIdealTree
50 silly cloneCurrentTree Starting
51 silly install cloneCurrentTreeToIdealTree
52 silly cloneCurrentTree Finishing
53 silly loadShrinkwrap Starting
54 silly install loadShrinkwrap
55 silly loadShrinkwrap Finishing
56 silly loadAllDepsIntoIdealTree Starting
57 silly install loadAllDepsIntoIdealTree
58 silly rollbackFailedOptional Starting
59 silly rollbackFailedOptional Finishing
60 silly runTopLevelLifecycles Starting
61 silly runTopLevelLifecycles Finishing
62 silly install printInstalled
63 verbose stack Error: Refusing to install tempura as a dependency of itself
63 verbose stack     at checkSelf (/usr/local/lib/node_modules/npm/lib/install/validate-args.js:53:14)
63 verbose stack     at Array.<anonymous> (/usr/local/lib/node_modules/npm/node_modules/slide/lib/bind-actor.js:15:8)
63 verbose stack     at LOOP (/usr/local/lib/node_modules/npm/node_modules/slide/lib/chain.js:15:14)
63 verbose stack     at chain (/usr/local/lib/node_modules/npm/node_modules/slide/lib/chain.js:20:5)
63 verbose stack     at /usr/local/lib/node_modules/npm/lib/install/validate-args.js:16:5
63 verbose stack     at /usr/local/lib/node_modules/npm/node_modules/slide/lib/async-map.js:52:35
63 verbose stack     at Array.forEach (native)
63 verbose stack     at /usr/local/lib/node_modules/npm/node_modules/slide/lib/async-map.js:52:11
63 verbose stack     at Array.forEach (native)
63 verbose stack     at asyncMap (/usr/local/lib/node_modules/npm/node_modules/slide/lib/async-map.js:51:8)
64 verbose cwd /Users/adasilva/git/tempura
65 error Darwin 15.4.0
66 error argv "/usr/local/bin/node" "/usr/local/bin/npm" "install" "manda-linda/tempura"
67 error node v4.2.4
68 error npm  v3.8.8
69 error code ENOSELF
70 error Refusing to install tempura as a dependency of itself
71 error If you need help, you may report this error at:
71 error     <https://github.com/npm/npm/issues>
72 verbose exit [ 1, true ]
